<?xml version="1.0" encoding="UTF-8"?>
<testsuite name="TestSuite" time="11.724" tests="6" errors="0" skipped="0" failures="0">
  <properties>
[...]
</properties>
  <testcase name="testGetTags" classname="com.StackExchangeAPI.Test.restTestCases" time="4.088"/>
  <testcase name="testGetRecipients" classname="com.StackExchangeAPI.Test.restTestCases" time="1.712"/>
  <testcase name="testGetRecipients400Exception" classname="com.StackExchangeAPI.Test.restTestCases" time="1.471"/>
  <testcase name="testGetTags400Exception" classname="com.StackExchangeAPI.Test.restTestCases" time="1.475"/>
  <testcase name="testGetid" classname="com.StackExchangeAPI.Test.restTestCases" time="1.53"/>
  <testcase name="testGetid400Exception" classname="com.StackExchangeAPI.Test.restTestCases" time="1.448"/>
</testsuite>