<?xml version="1.0" encoding="UTF-8"?>
<!-- Generated by org.testng.reporters.JUnitXMLReporter -->
<testsuite hostname="HIPUNL105910" name="Test" tests="6" failures="0" timestamp="19 Aug 2020 13:44:04 GMT" time="12.487" errors="0">
  <testcase name="testGetTags" time="4.532" classname="com.StackExchangeAPI.Test.restTestCases"/>
  <testcase name="testGetRecipients" time="1.485" classname="com.StackExchangeAPI.Test.restTestCases"/>
  <testcase name="testGetRecipients400Exception" time="1.46" classname="com.StackExchangeAPI.Test.restTestCases"/>
  <testcase name="testGetTags400Exception" time="1.471" classname="com.StackExchangeAPI.Test.restTestCases"/>
  <testcase name="testGetid" time="1.491" classname="com.StackExchangeAPI.Test.restTestCases"/>
  <testcase name="testGetid400Exception" time="1.464" classname="com.StackExchangeAPI.Test.restTestCases"/>
</testsuite> <!-- Test -->
