<?xml version="1.0" encoding="UTF-8"?>
<!-- Generated by org.testng.reporters.JUnitXMLReporter -->
<testsuite hostname="HIPUNL105910" name="Test" tests="6" failures="0" timestamp="19 Aug 2020 12:32:39 GMT" time="13.878" errors="0">
  <testcase name="testGetTags" time="5.029" classname="com.StackExchangeAPI.Test.restTestCases"/>
  <testcase name="testGetRecipients" time="1.499" classname="com.StackExchangeAPI.Test.restTestCases"/>
  <testcase name="testGetRecipients400Exception" time="1.504" classname="com.StackExchangeAPI.Test.restTestCases"/>
  <testcase name="testGetTags400Exception" time="1.467" classname="com.StackExchangeAPI.Test.restTestCases"/>
  <testcase name="testGetid" time="1.517" classname="com.StackExchangeAPI.Test.restTestCases"/>
  <testcase name="testGetid400Exception" time="2.217" classname="com.StackExchangeAPI.Test.restTestCases"/>
</testsuite>
